<?xml version="1.0" encoding="UTF-8"?>
<testng-results ignored="0" total="2" passed="2" failed="0" skipped="0">
  <reporter-output>
  </reporter-output>
  <suite started-at="2023-04-04T17:14:46 IST" name="Default suite" finished-at="2023-04-04T17:14:51 IST" duration-ms="4789">
    <groups>
    </groups>
    <test started-at="2023-04-04T17:14:46 IST" name="Default test" finished-at="2023-04-04T17:14:51 IST" duration-ms="4789">
      <class name="restmethods.GetRequest">
        <test-method signature="getRequestautomation()[pri:-1, instance:restmethods.GetRequest@1ed4ae0f]" started-at="2023-04-04T17:14:46 IST" name="getRequestautomation" finished-at="2023-04-04T17:14:48 IST" duration-ms="2425" status="PASS">
          <reporter-output>
          </reporter-output>
        </test-method> <!-- getRequestautomation -->
        <test-method signature="getRequest()[pri:0, instance:restmethods.GetRequest@1ed4ae0f]" started-at="2023-04-04T17:14:48 IST" name="getRequest" finished-at="2023-04-04T17:14:51 IST" duration-ms="2308" status="PASS">
          <reporter-output>
          </reporter-output>
        </test-method> <!-- getRequest -->
      </class> <!-- restmethods.GetRequest -->
    </test> <!-- Default test -->
  </suite> <!-- Default suite -->
</testng-results>
