<?xml version="1.0" encoding="UTF-8"?>
<testng-results ignored="0" total="1" passed="1" failed="0" skipped="0">
  <reporter-output>
  </reporter-output>
  <suite started-at="2022-11-17T10:27:43 IST" name="Surefire suite" finished-at="2022-11-17T10:27:43 IST" duration-ms="91">
    <groups>
    </groups>
    <test started-at="2022-11-17T10:27:43 IST" name="Surefire test" finished-at="2022-11-17T10:27:43 IST" duration-ms="91">
      <class name="RestAutomation.RestAutomation.AppTest">
        <test-method signature="shouldAnswerWithTrue()" started-at="2022-11-17T10:27:43 IST" name="shouldAnswerWithTrue" finished-at="2022-11-17T10:27:43 IST" duration-ms="20" status="PASS">
          <reporter-output>
          </reporter-output>
        </test-method> <!-- shouldAnswerWithTrue -->
      </class> <!-- RestAutomation.RestAutomation.AppTest -->
    </test> <!-- Surefire test -->
  </suite> <!-- Surefire suite -->
</testng-results>
